[Forwarding getTitle on session 6b6c8dbb-7fb7-4642-a5ca-705d0a03d5db to remote] DEBUG org.apache.http.headers  - http-outgoing-6 >> Connection: Keep-Alive
[Forwarding getTitle on session 6b6c8dbb-7fb7-4642-a5ca-705d0a03d5db to remote] DEBUG org.apache.http.headers  - http-outgoing-6 >> User-Agent: Apache-HttpClient/4.5.1 (Java/1.8.0_91)
[Forwarding getTitle on session 6b6c8dbb-7fb7-4642-a5ca-705d0a03d5db to remote] DEBUG org.apache.http.headers  - http-outgoing-6 >> Accept-Encoding: gzip,deflate
[Forwarding getTitle on session 6b6c8dbb-7fb7-4642-a5ca-705d0a03d5db to remote] DEBUG org.apache.http.wire  - http-outgoing-6 >> "GET /hub/session/6b6c8dbb-7fb7-4642-a5ca-705d0a03d5db/title HTTP/1.1[\r][\n]"
[Forwarding getTitle on session 6b6c8dbb-7fb7-4642-a5ca-705d0a03d5db to remote] DEBUG org.apache.http.wire  - http-outgoing-6 >> "Cache-Control: no-cache[\r][\n]"
[Forwarding getTitle on session 6b6c8dbb-7fb7-4642-a5ca-705d0a03d5db to remote] DEBUG org.apache.http.wire  - http-outgoing-6 >> "Host: 127.0.0.1:7056[\r][\n]"
[Forwarding getTitle on session 6b6c8dbb-7fb7-4642-a5ca-705d0a03d5db to remote] DEBUG org.apache.http.wire  - http-outgoing-6 >> "Connection: Keep-Alive[\r][\n]"
[Forwarding getTitle on session 6b6c8dbb-7fb7-4642-a5ca-705d0a03d5db to remote] DEBUG org.apache.http.wire  - http-outgoing-6 >> "User-Agent: Apache-HttpClient/4.5.1 (Java/1.8.0_91)[\r][\n]"
[Forwarding getTitle on session 6b6c8dbb-7fb7-4642-a5ca-705d0a03d5db to remote] DEBUG org.apache.http.wire  - http-outgoing-6 >> "Accept-Encoding: gzip,deflate[\r][\n]"
[Forwarding getTitle on session 6b6c8dbb-7fb7-4642-a5ca-705d0a03d5db to remote] DEBUG org.apache.http.wire  - http-outgoing-6 >> "[\r][\n]"
[Forwarding getTitle on session 6b6c8dbb-7fb7-4642-a5ca-705d0a03d5db to remote] DEBUG org.apache.http.wire  - http-outgoing-6 << "HTTP/1.1 200 OK[\r][\n]"
[Forwarding getTitle on session 6b6c8dbb-7fb7-4642-a5ca-705d0a03d5db to remote] DEBUG org.apache.http.wire  - http-outgoing-6 << "content-type: application/json; charset=UTF-8[\r][\n]"
[Forwarding getTitle on session 6b6c8dbb-7fb7-4642-a5ca-705d0a03d5db to remote] DEBUG org.apache.http.wire  - http-outgoing-6 << "connection: close[\r][\n]"
[Forwarding getTitle on session 6b6c8dbb-7fb7-4642-a5ca-705d0a03d5db to remote] DEBUG org.apache.http.wire  - http-outgoing-6 << "content-length: 99[\r][\n]"
[Forwarding getTitle on session 6b6c8dbb-7fb7-4642-a5ca-705d0a03d5db to remote] DEBUG org.apache.http.wire  - http-outgoing-6 << "server: httpd.js[\r][\n]"
[Forwarding getTitle on session 6b6c8dbb-7fb7-4642-a5ca-705d0a03d5db to remote] DEBUG org.apache.http.wire  - http-outgoing-6 << "date: Wed, 27 Jul 2016 09:10:32 GMT[\r][\n]"
[Forwarding getTitle on session 6b6c8dbb-7fb7-4642-a5ca-705d0a03d5db to remote] DEBUG org.apache.http.wire  - http-outgoing-6 << "[\r][\n]"
[Forwarding getTitle on session 6b6c8dbb-7fb7-4642-a5ca-705d0a03d5db to remote] DEBUG org.apache.http.wire  - http-outgoing-6 << "{"name":"getTitle","sessionId":"6b6c8dbb-7fb7-4642-a5ca-705d0a03d5db","status":0,"value":"Sign In"}"
[Forwarding getTitle on session 6b6c8dbb-7fb7-4642-a5ca-705d0a03d5db to remote] DEBUG org.apache.http.headers  - http-outgoing-6 << HTTP/1.1 200 OK
[Forwarding getTitle on session 6b6c8dbb-7fb7-4642-a5ca-705d0a03d5db to remote] DEBUG org.apache.http.headers  - http-outgoing-6 << content-type: application/json; charset=UTF-8
[Forwarding getTitle on session 6b6c8dbb-7fb7-4642-a5ca-705d0a03d5db to remote] DEBUG org.apache.http.headers  - http-outgoing-6 << connection: close
[Forwarding getTitle on session 6b6c8dbb-7fb7-4642-a5ca-705d0a03d5db to remote] DEBUG org.apache.http.headers  - http-outgoing-6 << content-length: 99
[Forwarding getTitle on session 6b6c8dbb-7fb7-4642-a5ca-705d0a03d5db to remote] DEBUG org.apache.http.headers  - http-outgoing-6 << server: httpd.js
[Forwarding getTitle on session 6b6c8dbb-7fb7-4642-a5ca-705d0a03d5db to remote] DEBUG org.apache.http.headers  - http-outgoing-6 << date: Wed, 27 Jul 2016 09:10:32 GMT
[Forwarding getTitle on session 6b6c8dbb-7fb7-4642-a5ca-705d0a03d5db to remote] DEBUG org.apache.http.impl.conn.DefaultManagedHttpClientConnection  - http-outgoing-6: Close connection
[Forwarding getTitle on session 6b6c8dbb-7fb7-4642-a5ca-705d0a03d5db to remote] DEBUG org.apache.http.impl.execchain.MainClientExec  - Connection discarded
[Forwarding getTitle on session 6b6c8dbb-7fb7-4642-a5ca-705d0a03d5db to remote] DEBUG org.apache.http.impl.conn.PoolingHttpClientConnectionManager  - Connection released: [id: 6][route: {}->http://127.0.0.1:7056][total kept alive: 0; route allocated: 0 of 2000; total allocated: 0 of 2000]
